2026-04-18 16:57:33,998 | INFO | ========================================================================
2026-04-18 16:57:34,174 | INFO | SmolVLA Phase 1 Value-Vector Catalog Builder
2026-04-18 16:57:34,790 | INFO | ========================================================================
2026-04-18 16:57:34,790 | INFO | Model ID:              HuggingFaceVLA/smolvla_libero
2026-04-18 16:57:34,792 | INFO | Device:                mps
2026-04-18 16:57:34,792 | INFO | Compute dtype:         torch.float32
2026-04-18 16:57:34,792 | INFO | Layer range:           [0, 32)
2026-04-18 16:57:34,792 | INFO | Top-k:                 30
2026-04-18 16:57:34,792 | INFO | Vector batch size:     128
2026-04-18 16:57:34,792 | INFO | Output JSONL:          /Users/ashutoshpanda/Documents/Research/project_Flux/project_Flux/smolvla_mechinterp_repro/results/value_vector_catalog_top30.jsonl
2026-04-18 16:57:34,793 | INFO | Summary JSON:          /Users/ashutoshpanda/Documents/Research/project_Flux/project_Flux/smolvla_mechinterp_repro/results/value_vector_catalog_top30.jsonl.summary.json
2026-04-18 16:57:34,793 | INFO | Log file:              /Users/ashutoshpanda/Documents/Research/project_Flux/project_Flux/smolvla_mechinterp_repro/results/value_vector_catalog_top30.jsonl.log
2026-04-18 16:57:34,925 | INFO | Layer 00 | vectors=2560 | batches=20 | path=model.vlm_with_expert.vlm.model.text_model.layers.0.mlp.down_proj
2026-04-18 16:57:38,269 | INFO |   processed  128/2560 vectors in   3.3s (records=128)
2026-04-18 16:57:38,320 | INFO |   processed  256/2560 vectors in   3.4s (records=256)
2026-04-18 16:57:38,359 | INFO |   processed  384/2560 vectors in   3.4s (records=384)
2026-04-18 16:57:38,405 | INFO |   processed  512/2560 vectors in   3.5s (records=512)
2026-04-18 16:57:38,468 | INFO |   processed  640/2560 vectors in   3.5s (records=640)
2026-04-18 16:57:38,513 | INFO |   processed  768/2560 vectors in   3.6s (records=768)
2026-04-18 16:57:38,557 | INFO |   processed  896/2560 vectors in   3.6s (records=896)
2026-04-18 16:57:38,597 | INFO |   processed 1024/2560 vectors in   3.7s (records=1024)
2026-04-18 16:57:38,633 | INFO |   processed 1152/2560 vectors in   3.7s (records=1152)
2026-04-18 16:57:38,676 | INFO |   processed 1280/2560 vectors in   3.8s (records=1280)
2026-04-18 16:57:38,719 | INFO |   processed 1408/2560 vectors in   3.8s (records=1408)
2026-04-18 16:57:38,761 | INFO |   processed 1536/2560 vectors in   3.8s (records=1536)
2026-04-18 16:57:38,801 | INFO |   processed 1664/2560 vectors in   3.9s (records=1664)
2026-04-18 16:57:38,840 | INFO |   processed 1792/2560 vectors in   3.9s (records=1792)
2026-04-18 16:57:38,876 | INFO |   processed 1920/2560 vectors in   4.0s (records=1920)
2026-04-18 16:57:38,916 | INFO |   processed 2048/2560 vectors in   4.0s (records=2048)
2026-04-18 16:57:38,958 | INFO |   processed 2176/2560 vectors in   4.0s (records=2176)
2026-04-18 16:57:38,995 | INFO |   processed 2304/2560 vectors in   4.1s (records=2304)
2026-04-18 16:57:39,030 | INFO |   processed 2432/2560 vectors in   4.1s (records=2432)
2026-04-18 16:57:39,065 | INFO |   processed 2560/2560 vectors in   4.1s (records=2560)
2026-04-18 16:57:39,065 | INFO | Layer 01 | vectors=2560 | batches=20 | path=model.vlm_with_expert.vlm.model.text_model.layers.1.mlp.down_proj
2026-04-18 16:57:39,100 | INFO |   processed  128/2560 vectors in   0.0s (records=2688)
2026-04-18 16:57:39,139 | INFO |   processed  256/2560 vectors in   0.1s (records=2816)
2026-04-18 16:57:39,176 | INFO |   processed  384/2560 vectors in   0.1s (records=2944)
2026-04-18 16:57:39,210 | INFO |   processed  512/2560 vectors in   0.1s (records=3072)
2026-04-18 16:57:39,249 | INFO |   processed  640/2560 vectors in   0.2s (records=3200)
2026-04-18 16:57:39,286 | INFO |   processed  768/2560 vectors in   0.2s (records=3328)
2026-04-18 16:57:39,319 | INFO |   processed  896/2560 vectors in   0.3s (records=3456)
2026-04-18 16:57:39,355 | INFO |   processed 1024/2560 vectors in   0.3s (records=3584)
2026-04-18 16:57:39,388 | INFO |   processed 1152/2560 vectors in   0.3s (records=3712)
2026-04-18 16:57:39,441 | INFO |   processed 1280/2560 vectors in   0.4s (records=3840)
2026-04-18 16:57:39,492 | INFO |   processed 1408/2560 vectors in   0.4s (records=3968)
2026-04-18 16:57:39,542 | INFO |   processed 1536/2560 vectors in   0.5s (records=4096)
2026-04-18 16:57:39,605 | INFO |   processed 1664/2560 vectors in   0.5s (records=4224)
2026-04-18 16:57:39,663 | INFO |   processed 1792/2560 vectors in   0.6s (records=4352)
2026-04-18 16:57:39,721 | INFO |   processed 1920/2560 vectors in   0.7s (records=4480)
2026-04-18 16:57:39,809 | INFO |   processed 2048/2560 vectors in   0.7s (records=4608)
2026-04-18 16:57:39,897 | INFO |   processed 2176/2560 vectors in   0.8s (records=4736)
2026-04-18 16:57:39,958 | INFO |   processed 2304/2560 vectors in   0.9s (records=4864)
2026-04-18 16:57:40,007 | INFO |   processed 2432/2560 vectors in   0.9s (records=4992)
2026-04-18 16:57:40,081 | INFO |   processed 2560/2560 vectors in   1.0s (records=5120)
2026-04-18 16:57:40,082 | INFO | Layer 02 | vectors=2560 | batches=20 | path=model.vlm_with_expert.vlm.model.text_model.layers.2.mlp.down_proj
2026-04-18 16:57:40,133 | INFO |   processed  128/2560 vectors in   0.1s (records=5248)
2026-04-18 16:57:40,184 | INFO |   processed  256/2560 vectors in   0.1s (records=5376)
2026-04-18 16:57:40,245 | INFO |   processed  384/2560 vectors in   0.2s (records=5504)
2026-04-18 16:57:40,305 | INFO |   processed  512/2560 vectors in   0.2s (records=5632)
2026-04-18 16:57:40,358 | INFO |   processed  640/2560 vectors in   0.3s (records=5760)
2026-04-18 16:57:40,410 | INFO |   processed  768/2560 vectors in   0.3s (records=5888)
2026-04-18 16:57:40,459 | INFO |   processed  896/2560 vectors in   0.4s (records=6016)
2026-04-18 16:57:40,502 | INFO |   processed 1024/2560 vectors in   0.4s (records=6144)
2026-04-18 16:57:40,545 | INFO |   processed 1152/2560 vectors in   0.5s (records=6272)
2026-04-18 16:57:40,592 | INFO |   processed 1280/2560 vectors in   0.5s (records=6400)
2026-04-18 16:57:40,637 | INFO |   processed 1408/2560 vectors in   0.6s (records=6528)
2026-04-18 16:57:40,690 | INFO |   processed 1536/2560 vectors in   0.6s (records=6656)
2026-04-18 16:57:40,747 | INFO |   processed 1664/2560 vectors in   0.7s (records=6784)
2026-04-18 16:57:40,793 | INFO |   processed 1792/2560 vectors in   0.7s (records=6912)
2026-04-18 16:57:40,839 | INFO |   processed 1920/2560 vectors in   0.8s (records=7040)
2026-04-18 16:57:40,883 | INFO |   processed 2048/2560 vectors in   0.8s (records=7168)
2026-04-18 16:57:40,924 | INFO |   processed 2176/2560 vectors in   0.8s (records=7296)
2026-04-18 16:57:40,962 | INFO |   processed 2304/2560 vectors in   0.9s (records=7424)
2026-04-18 16:57:41,004 | INFO |   processed 2432/2560 vectors in   0.9s (records=7552)
2026-04-18 16:57:41,043 | INFO |   processed 2560/2560 vectors in   1.0s (records=7680)
2026-04-18 16:57:41,044 | INFO | Layer 03 | vectors=2560 | batches=20 | path=model.vlm_with_expert.vlm.model.text_model.layers.3.mlp.down_proj
2026-04-18 16:57:41,082 | INFO |   processed  128/2560 vectors in   0.0s (records=7808)
2026-04-18 16:57:41,119 | INFO |   processed  256/2560 vectors in   0.1s (records=7936)
2026-04-18 16:57:41,155 | INFO |   processed  384/2560 vectors in   0.1s (records=8064)
2026-04-18 16:57:41,194 | INFO |   processed  512/2560 vectors in   0.2s (records=8192)
2026-04-18 16:57:41,234 | INFO |   processed  640/2560 vectors in   0.2s (records=8320)
2026-04-18 16:57:41,276 | INFO |   processed  768/2560 vectors in   0.2s (records=8448)
2026-04-18 16:57:41,315 | INFO |   processed  896/2560 vectors in   0.3s (records=8576)
2026-04-18 16:57:41,354 | INFO |   processed 1024/2560 vectors in   0.3s (records=8704)
2026-04-18 16:57:41,393 | INFO |   processed 1152/2560 vectors in   0.3s (records=8832)
2026-04-18 16:57:41,431 | INFO |   processed 1280/2560 vectors in   0.4s (records=8960)
2026-04-18 16:57:41,476 | INFO |   processed 1408/2560 vectors in   0.4s (records=9088)
2026-04-18 16:57:41,524 | INFO |   processed 1536/2560 vectors in   0.5s (records=9216)
2026-04-18 16:57:41,571 | INFO |   processed 1664/2560 vectors in   0.5s (records=9344)
2026-04-18 16:57:41,615 | INFO |   processed 1792/2560 vectors in   0.6s (records=9472)
2026-04-18 16:57:41,666 | INFO |   processed 1920/2560 vectors in   0.6s (records=9600)
2026-04-18 16:57:41,711 | INFO |   processed 2048/2560 vectors in   0.7s (records=9728)
2026-04-18 16:57:41,751 | INFO |   processed 2176/2560 vectors in   0.7s (records=9856)
2026-04-18 16:57:41,792 | INFO |   processed 2304/2560 vectors in   0.7s (records=9984)
2026-04-18 16:57:41,832 | INFO |   processed 2432/2560 vectors in   0.8s (records=10112)
2026-04-18 16:57:41,871 | INFO |   processed 2560/2560 vectors in   0.8s (records=10240)
2026-04-18 16:57:41,872 | INFO | Layer 04 | vectors=2560 | batches=20 | path=model.vlm_with_expert.vlm.model.text_model.layers.4.mlp.down_proj
2026-04-18 16:57:41,908 | INFO |   processed  128/2560 vectors in   0.0s (records=10368)
2026-04-18 16:57:41,943 | INFO |   processed  256/2560 vectors in   0.1s (records=10496)
2026-04-18 16:57:41,981 | INFO |   processed  384/2560 vectors in   0.1s (records=10624)
2026-04-18 16:57:42,016 | INFO |   processed  512/2560 vectors in   0.1s (records=10752)
2026-04-18 16:57:42,055 | INFO |   processed  640/2560 vectors in   0.2s (records=10880)
2026-04-18 16:57:42,100 | INFO |   processed  768/2560 vectors in   0.2s (records=11008)
2026-04-18 16:57:42,138 | INFO |   processed  896/2560 vectors in   0.3s (records=11136)
2026-04-18 16:57:42,173 | INFO |   processed 1024/2560 vectors in   0.3s (records=11264)
2026-04-18 16:57:42,207 | INFO |   processed 1152/2560 vectors in   0.3s (records=11392)
2026-04-18 16:57:42,245 | INFO |   processed 1280/2560 vectors in   0.4s (records=11520)
2026-04-18 16:57:42,280 | INFO |   processed 1408/2560 vectors in   0.4s (records=11648)
2026-04-18 16:57:42,315 | INFO |   processed 1536/2560 vectors in   0.4s (records=11776)
2026-04-18 16:57:42,348 | INFO |   processed 1664/2560 vectors in   0.5s (records=11904)
2026-04-18 16:57:42,383 | INFO |   processed 1792/2560 vectors in   0.5s (records=12032)
2026-04-18 16:57:42,418 | INFO |   processed 1920/2560 vectors in   0.5s (records=12160)
2026-04-18 16:57:42,460 | INFO |   processed 2048/2560 vectors in   0.6s (records=12288)
2026-04-18 16:57:42,501 | INFO |   processed 2176/2560 vectors in   0.6s (records=12416)
2026-04-18 16:57:42,540 | INFO |   processed 2304/2560 vectors in   0.7s (records=12544)
2026-04-18 16:57:42,575 | INFO |   processed 2432/2560 vectors in   0.7s (records=12672)
2026-04-18 16:57:42,608 | INFO |   processed 2560/2560 vectors in   0.7s (records=12800)
2026-04-18 16:57:42,609 | INFO | Layer 05 | vectors=2560 | batches=20 | path=model.vlm_with_expert.vlm.model.text_model.layers.5.mlp.down_proj
2026-04-18 16:57:42,647 | INFO |   processed  128/2560 vectors in   0.0s (records=12928)
2026-04-18 16:57:42,682 | INFO |   processed  256/2560 vectors in   0.1s (records=13056)
2026-04-18 16:57:42,716 | INFO |   processed  384/2560 vectors in   0.1s (records=13184)
2026-04-18 16:57:42,751 | INFO |   processed  512/2560 vectors in   0.1s (records=13312)
2026-04-18 16:57:42,785 | INFO |   processed  640/2560 vectors in   0.2s (records=13440)
2026-04-18 16:57:42,818 | INFO |   processed  768/2560 vectors in   0.2s (records=13568)
2026-04-18 16:57:42,852 | INFO |   processed  896/2560 vectors in   0.2s (records=13696)
2026-04-18 16:57:42,885 | INFO |   processed 1024/2560 vectors in   0.3s (records=13824)
2026-04-18 16:57:42,919 | INFO |   processed 1152/2560 vectors in   0.3s (records=13952)
2026-04-18 16:57:42,952 | INFO |   processed 1280/2560 vectors in   0.3s (records=14080)
2026-04-18 16:57:42,986 | INFO |   processed 1408/2560 vectors in   0.4s (records=14208)
2026-04-18 16:57:43,019 | INFO |   processed 1536/2560 vectors in   0.4s (records=14336)
2026-04-18 16:57:43,052 | INFO |   processed 1664/2560 vectors in   0.4s (records=14464)
2026-04-18 16:57:43,085 | INFO |   processed 1792/2560 vectors in   0.5s (records=14592)
2026-04-18 16:57:43,118 | INFO |   processed 1920/2560 vectors in   0.5s (records=14720)
2026-04-18 16:57:43,152 | INFO |   processed 2048/2560 vectors in   0.5s (records=14848)
2026-04-18 16:57:43,185 | INFO |   processed 2176/2560 vectors in   0.6s (records=14976)
2026-04-18 16:57:43,218 | INFO |   processed 2304/2560 vectors in   0.6s (records=15104)
2026-04-18 16:57:43,251 | INFO |   processed 2432/2560 vectors in   0.6s (records=15232)
2026-04-18 16:57:43,284 | INFO |   processed 2560/2560 vectors in   0.7s (records=15360)
2026-04-18 16:57:43,284 | INFO | Layer 06 | vectors=2560 | batches=20 | path=model.vlm_with_expert.vlm.model.text_model.layers.6.mlp.down_proj
2026-04-18 16:57:43,319 | INFO |   processed  128/2560 vectors in   0.0s (records=15488)
2026-04-18 16:57:43,352 | INFO |   processed  256/2560 vectors in   0.1s (records=15616)
2026-04-18 16:57:43,391 | INFO |   processed  384/2560 vectors in   0.1s (records=15744)
2026-04-18 16:57:43,426 | INFO |   processed  512/2560 vectors in   0.1s (records=15872)
2026-04-18 16:57:43,460 | INFO |   processed  640/2560 vectors in   0.2s (records=16000)
2026-04-18 16:57:43,495 | INFO |   processed  768/2560 vectors in   0.2s (records=16128)
2026-04-18 16:57:43,528 | INFO |   processed  896/2560 vectors in   0.2s (records=16256)
2026-04-18 16:57:43,573 | INFO |   processed 1024/2560 vectors in   0.3s (records=16384)
2026-04-18 16:57:43,606 | INFO |   processed 1152/2560 vectors in   0.3s (records=16512)
2026-04-18 16:57:43,642 | INFO |   processed 1280/2560 vectors in   0.4s (records=16640)
2026-04-18 16:57:43,676 | INFO |   processed 1408/2560 vectors in   0.4s (records=16768)
2026-04-18 16:57:43,711 | INFO |   processed 1536/2560 vectors in   0.4s (records=16896)
2026-04-18 16:57:43,745 | INFO |   processed 1664/2560 vectors in   0.5s (records=17024)
2026-04-18 16:57:43,780 | INFO |   processed 1792/2560 vectors in   0.5s (records=17152)
2026-04-18 16:57:43,813 | INFO |   processed 1920/2560 vectors in   0.5s (records=17280)
2026-04-18 16:57:43,848 | INFO |   processed 2048/2560 vectors in   0.6s (records=17408)
2026-04-18 16:57:43,882 | INFO |   processed 2176/2560 vectors in   0.6s (records=17536)
2026-04-18 16:57:43,918 | INFO |   processed 2304/2560 vectors in   0.6s (records=17664)
2026-04-18 16:57:43,952 | INFO |   processed 2432/2560 vectors in   0.7s (records=17792)
2026-04-18 16:57:43,987 | INFO |   processed 2560/2560 vectors in   0.7s (records=17920)
2026-04-18 16:57:43,987 | INFO | Layer 07 | vectors=2560 | batches=20 | path=model.vlm_with_expert.vlm.model.text_model.layers.7.mlp.down_proj
2026-04-18 16:57:44,021 | INFO |   processed  128/2560 vectors in   0.0s (records=18048)
2026-04-18 16:57:44,056 | INFO |   processed  256/2560 vectors in   0.1s (records=18176)
2026-04-18 16:57:44,091 | INFO |   processed  384/2560 vectors in   0.1s (records=18304)
2026-04-18 16:57:44,129 | INFO |   processed  512/2560 vectors in   0.1s (records=18432)
2026-04-18 16:57:44,163 | INFO |   processed  640/2560 vectors in   0.2s (records=18560)
2026-04-18 16:57:44,198 | INFO |   processed  768/2560 vectors in   0.2s (records=18688)
2026-04-18 16:57:44,233 | INFO |   processed  896/2560 vectors in   0.2s (records=18816)
2026-04-18 16:57:44,267 | INFO |   processed 1024/2560 vectors in   0.3s (records=18944)
2026-04-18 16:57:44,301 | INFO |   processed 1152/2560 vectors in   0.3s (records=19072)
2026-04-18 16:57:44,335 | INFO |   processed 1280/2560 vectors in   0.3s (records=19200)
2026-04-18 16:57:44,371 | INFO |   processed 1408/2560 vectors in   0.4s (records=19328)
2026-04-18 16:57:44,404 | INFO |   processed 1536/2560 vectors in   0.4s (records=19456)
2026-04-18 16:57:44,439 | INFO |   processed 1664/2560 vectors in   0.5s (records=19584)
2026-04-18 16:57:44,472 | INFO |   processed 1792/2560 vectors in   0.5s (records=19712)
2026-04-18 16:57:44,507 | INFO |   processed 1920/2560 vectors in   0.5s (records=19840)
2026-04-18 16:57:44,540 | INFO |   processed 2048/2560 vectors in   0.6s (records=19968)
2026-04-18 16:57:44,575 | INFO |   processed 2176/2560 vectors in   0.6s (records=20096)
2026-04-18 16:57:44,608 | INFO |   processed 2304/2560 vectors in   0.6s (records=20224)
2026-04-18 16:57:44,644 | INFO |   processed 2432/2560 vectors in   0.7s (records=20352)
2026-04-18 16:57:44,681 | INFO |   processed 2560/2560 vectors in   0.7s (records=20480)
2026-04-18 16:57:44,681 | INFO | Layer 08 | vectors=2560 | batches=20 | path=model.vlm_with_expert.vlm.model.text_model.layers.8.mlp.down_proj
2026-04-18 16:57:44,715 | INFO |   processed  128/2560 vectors in   0.0s (records=20608)
2026-04-18 16:57:44,751 | INFO |   processed  256/2560 vectors in   0.1s (records=20736)
2026-04-18 16:57:44,785 | INFO |   processed  384/2560 vectors in   0.1s (records=20864)
2026-04-18 16:57:44,822 | INFO |   processed  512/2560 vectors in   0.1s (records=20992)
2026-04-18 16:57:44,855 | INFO |   processed  640/2560 vectors in   0.2s (records=21120)
2026-04-18 16:57:44,890 | INFO |   processed  768/2560 vectors in   0.2s (records=21248)
2026-04-18 16:57:44,923 | INFO |   processed  896/2560 vectors in   0.2s (records=21376)
2026-04-18 16:57:44,958 | INFO |   processed 1024/2560 vectors in   0.3s (records=21504)
2026-04-18 16:57:44,991 | INFO |   processed 1152/2560 vectors in   0.3s (records=21632)
2026-04-18 16:57:45,025 | INFO |   processed 1280/2560 vectors in   0.3s (records=21760)
2026-04-18 16:57:45,084 | INFO |   processed 1408/2560 vectors in   0.4s (records=21888)
2026-04-18 16:57:45,119 | INFO |   processed 1536/2560 vectors in   0.4s (records=22016)
2026-04-18 16:57:45,156 | INFO |   processed 1664/2560 vectors in   0.5s (records=22144)
2026-04-18 16:57:45,190 | INFO |   processed 1792/2560 vectors in   0.5s (records=22272)
2026-04-18 16:57:45,225 | INFO |   processed 1920/2560 vectors in   0.5s (records=22400)
2026-04-18 16:57:45,259 | INFO |   processed 2048/2560 vectors in   0.6s (records=22528)
2026-04-18 16:57:45,293 | INFO |   processed 2176/2560 vectors in   0.6s (records=22656)
2026-04-18 16:57:45,327 | INFO |   processed 2304/2560 vectors in   0.6s (records=22784)
2026-04-18 16:57:45,360 | INFO |   processed 2432/2560 vectors in   0.7s (records=22912)
2026-04-18 16:57:45,395 | INFO |   processed 2560/2560 vectors in   0.7s (records=23040)
2026-04-18 16:57:45,395 | INFO | Layer 09 | vectors=2560 | batches=20 | path=model.vlm_with_expert.vlm.model.text_model.layers.9.mlp.down_proj
2026-04-18 16:57:45,430 | INFO |   processed  128/2560 vectors in   0.0s (records=23168)
2026-04-18 16:57:45,464 | INFO |   processed  256/2560 vectors in   0.1s (records=23296)
2026-04-18 16:57:45,498 | INFO |   processed  384/2560 vectors in   0.1s (records=23424)
2026-04-18 16:57:45,531 | INFO |   processed  512/2560 vectors in   0.1s (records=23552)
2026-04-18 16:57:45,566 | INFO |   processed  640/2560 vectors in   0.2s (records=23680)
2026-04-18 16:57:45,599 | INFO |   processed  768/2560 vectors in   0.2s (records=23808)
2026-04-18 16:57:45,633 | INFO |   processed  896/2560 vectors in   0.2s (records=23936)
2026-04-18 16:57:45,668 | INFO |   processed 1024/2560 vectors in   0.3s (records=24064)
2026-04-18 16:57:45,703 | INFO |   processed 1152/2560 vectors in   0.3s (records=24192)
2026-04-18 16:57:45,738 | INFO |   processed 1280/2560 vectors in   0.3s (records=24320)
2026-04-18 16:57:45,772 | INFO |   processed 1408/2560 vectors in   0.4s (records=24448)
2026-04-18 16:57:45,804 | INFO |   processed 1536/2560 vectors in   0.4s (records=24576)
2026-04-18 16:57:45,839 | INFO |   processed 1664/2560 vectors in   0.4s (records=24704)
2026-04-18 16:57:45,871 | INFO |   processed 1792/2560 vectors in   0.5s (records=24832)
2026-04-18 16:57:45,905 | INFO |   processed 1920/2560 vectors in   0.5s (records=24960)
2026-04-18 16:57:45,937 | INFO |   processed 2048/2560 vectors in   0.5s (records=25088)
2026-04-18 16:57:45,972 | INFO |   processed 2176/2560 vectors in   0.6s (records=25216)
2026-04-18 16:57:46,004 | INFO |   processed 2304/2560 vectors in   0.6s (records=25344)
2026-04-18 16:57:46,038 | INFO |   processed 2432/2560 vectors in   0.6s (records=25472)
2026-04-18 16:57:46,071 | INFO |   processed 2560/2560 vectors in   0.7s (records=25600)
2026-04-18 16:57:46,071 | INFO | Layer 10 | vectors=2560 | batches=20 | path=model.vlm_with_expert.vlm.model.text_model.layers.10.mlp.down_proj
2026-04-18 16:57:46,105 | INFO |   processed  128/2560 vectors in   0.0s (records=25728)
2026-04-18 16:57:46,137 | INFO |   processed  256/2560 vectors in   0.1s (records=25856)
2026-04-18 16:57:46,174 | INFO |   processed  384/2560 vectors in   0.1s (records=25984)
2026-04-18 16:57:46,212 | INFO |   processed  512/2560 vectors in   0.1s (records=26112)
2026-04-18 16:57:46,246 | INFO |   processed  640/2560 vectors in   0.2s (records=26240)
2026-04-18 16:57:46,281 | INFO |   processed  768/2560 vectors in   0.2s (records=26368)
2026-04-18 16:57:46,316 | INFO |   processed  896/2560 vectors in   0.2s (records=26496)
2026-04-18 16:57:46,351 | INFO |   processed 1024/2560 vectors in   0.3s (records=26624)
2026-04-18 16:57:46,385 | INFO |   processed 1152/2560 vectors in   0.3s (records=26752)
2026-04-18 16:57:46,420 | INFO |   processed 1280/2560 vectors in   0.3s (records=26880)
2026-04-18 16:57:46,455 | INFO |   processed 1408/2560 vectors in   0.4s (records=27008)
2026-04-18 16:57:46,493 | INFO |   processed 1536/2560 vectors in   0.4s (records=27136)
2026-04-18 16:57:46,532 | INFO |   processed 1664/2560 vectors in   0.5s (records=27264)
2026-04-18 16:57:46,566 | INFO |   processed 1792/2560 vectors in   0.5s (records=27392)
2026-04-18 16:57:46,600 | INFO |   processed 1920/2560 vectors in   0.5s (records=27520)
2026-04-18 16:57:46,636 | INFO |   processed 2048/2560 vectors in   0.6s (records=27648)
2026-04-18 16:57:46,671 | INFO |   processed 2176/2560 vectors in   0.6s (records=27776)
2026-04-18 16:57:46,706 | INFO |   processed 2304/2560 vectors in   0.6s (records=27904)
2026-04-18 16:57:46,739 | INFO |   processed 2432/2560 vectors in   0.7s (records=28032)
2026-04-18 16:57:46,773 | INFO |   processed 2560/2560 vectors in   0.7s (records=28160)
2026-04-18 16:57:46,773 | INFO | Layer 11 | vectors=2560 | batches=20 | path=model.vlm_with_expert.vlm.model.text_model.layers.11.mlp.down_proj
2026-04-18 16:57:46,808 | INFO |   processed  128/2560 vectors in   0.0s (records=28288)
2026-04-18 16:57:46,843 | INFO |   processed  256/2560 vectors in   0.1s (records=28416)
2026-04-18 16:57:46,878 | INFO |   processed  384/2560 vectors in   0.1s (records=28544)
2026-04-18 16:57:46,913 | INFO |   processed  512/2560 vectors in   0.1s (records=28672)
2026-04-18 16:57:46,948 | INFO |   processed  640/2560 vectors in   0.2s (records=28800)
2026-04-18 16:57:46,983 | INFO |   processed  768/2560 vectors in   0.2s (records=28928)
2026-04-18 16:57:47,015 | INFO |   processed  896/2560 vectors in   0.2s (records=29056)
2026-04-18 16:57:47,050 | INFO |   processed 1024/2560 vectors in   0.3s (records=29184)
2026-04-18 16:57:47,083 | INFO |   processed 1152/2560 vectors in   0.3s (records=29312)
2026-04-18 16:57:47,117 | INFO |   processed 1280/2560 vectors in   0.3s (records=29440)
2026-04-18 16:57:47,151 | INFO |   processed 1408/2560 vectors in   0.4s (records=29568)
2026-04-18 16:57:47,188 | INFO |   processed 1536/2560 vectors in   0.4s (records=29696)
2026-04-18 16:57:47,224 | INFO |   processed 1664/2560 vectors in   0.5s (records=29824)
2026-04-18 16:57:47,260 | INFO |   processed 1792/2560 vectors in   0.5s (records=29952)
2026-04-18 16:57:47,296 | INFO |   processed 1920/2560 vectors in   0.5s (records=30080)
2026-04-18 16:57:47,335 | INFO |   processed 2048/2560 vectors in   0.6s (records=30208)
2026-04-18 16:57:47,381 | INFO |   processed 2176/2560 vectors in   0.6s (records=30336)
2026-04-18 16:57:47,424 | INFO |   processed 2304/2560 vectors in   0.7s (records=30464)
2026-04-18 16:57:47,467 | INFO |   processed 2432/2560 vectors in   0.7s (records=30592)
2026-04-18 16:57:47,507 | INFO |   processed 2560/2560 vectors in   0.7s (records=30720)
2026-04-18 16:57:47,507 | INFO | Layer 12 | vectors=2560 | batches=20 | path=model.vlm_with_expert.vlm.model.text_model.layers.12.mlp.down_proj
2026-04-18 16:57:47,541 | INFO |   processed  128/2560 vectors in   0.0s (records=30848)
2026-04-18 16:57:47,576 | INFO |   processed  256/2560 vectors in   0.1s (records=30976)
2026-04-18 16:57:47,610 | INFO |   processed  384/2560 vectors in   0.1s (records=31104)
2026-04-18 16:57:47,644 | INFO |   processed  512/2560 vectors in   0.1s (records=31232)
2026-04-18 16:57:47,682 | INFO |   processed  640/2560 vectors in   0.2s (records=31360)
2026-04-18 16:57:47,715 | INFO |   processed  768/2560 vectors in   0.2s (records=31488)
2026-04-18 16:57:47,749 | INFO |   processed  896/2560 vectors in   0.2s (records=31616)
2026-04-18 16:57:47,782 | INFO |   processed 1024/2560 vectors in   0.3s (records=31744)
2026-04-18 16:57:47,816 | INFO |   processed 1152/2560 vectors in   0.3s (records=31872)
2026-04-18 16:57:47,849 | INFO |   processed 1280/2560 vectors in   0.3s (records=32000)
2026-04-18 16:57:47,883 | INFO |   processed 1408/2560 vectors in   0.4s (records=32128)
2026-04-18 16:57:47,916 | INFO |   processed 1536/2560 vectors in   0.4s (records=32256)
2026-04-18 16:57:47,950 | INFO |   processed 1664/2560 vectors in   0.4s (records=32384)
2026-04-18 16:57:47,983 | INFO |   processed 1792/2560 vectors in   0.5s (records=32512)
2026-04-18 16:57:48,016 | INFO |   processed 1920/2560 vectors in   0.5s (records=32640)
2026-04-18 16:57:48,055 | INFO |   processed 2048/2560 vectors in   0.5s (records=32768)
2026-04-18 16:57:48,088 | INFO |   processed 2176/2560 vectors in   0.6s (records=32896)
2026-04-18 16:57:48,121 | INFO |   processed 2304/2560 vectors in   0.6s (records=33024)
2026-04-18 16:57:48,154 | INFO |   processed 2432/2560 vectors in   0.6s (records=33152)
2026-04-18 16:57:48,188 | INFO |   processed 2560/2560 vectors in   0.7s (records=33280)
2026-04-18 16:57:48,188 | INFO | Layer 13 | vectors=2560 | batches=20 | path=model.vlm_with_expert.vlm.model.text_model.layers.13.mlp.down_proj
2026-04-18 16:57:48,223 | INFO |   processed  128/2560 vectors in   0.0s (records=33408)
2026-04-18 16:57:48,256 | INFO |   processed  256/2560 vectors in   0.1s (records=33536)
2026-04-18 16:57:48,290 | INFO |   processed  384/2560 vectors in   0.1s (records=33664)
2026-04-18 16:57:48,323 | INFO |   processed  512/2560 vectors in   0.1s (records=33792)
2026-04-18 16:57:48,356 | INFO |   processed  640/2560 vectors in   0.2s (records=33920)
2026-04-18 16:57:48,389 | INFO |   processed  768/2560 vectors in   0.2s (records=34048)
2026-04-18 16:57:48,422 | INFO |   processed  896/2560 vectors in   0.2s (records=34176)
2026-04-18 16:57:48,455 | INFO |   processed 1024/2560 vectors in   0.3s (records=34304)
2026-04-18 16:57:48,488 | INFO |   processed 1152/2560 vectors in   0.3s (records=34432)
2026-04-18 16:57:48,521 | INFO |   processed 1280/2560 vectors in   0.3s (records=34560)
2026-04-18 16:57:48,554 | INFO |   processed 1408/2560 vectors in   0.4s (records=34688)
2026-04-18 16:57:48,587 | INFO |   processed 1536/2560 vectors in   0.4s (records=34816)
2026-04-18 16:57:48,620 | INFO |   processed 1664/2560 vectors in   0.4s (records=34944)
2026-04-18 16:57:48,654 | INFO |   processed 1792/2560 vectors in   0.5s (records=35072)
2026-04-18 16:57:48,690 | INFO |   processed 1920/2560 vectors in   0.5s (records=35200)
2026-04-18 16:57:48,723 | INFO |   processed 2048/2560 vectors in   0.5s (records=35328)
2026-04-18 16:57:48,756 | INFO |   processed 2176/2560 vectors in   0.6s (records=35456)
2026-04-18 16:57:48,789 | INFO |   processed 2304/2560 vectors in   0.6s (records=35584)
2026-04-18 16:57:48,822 | INFO |   processed 2432/2560 vectors in   0.6s (records=35712)
2026-04-18 16:57:48,855 | INFO |   processed 2560/2560 vectors in   0.7s (records=35840)
2026-04-18 16:57:48,855 | INFO | Layer 14 | vectors=2560 | batches=20 | path=model.vlm_with_expert.vlm.model.text_model.layers.14.mlp.down_proj
2026-04-18 16:57:48,888 | INFO |   processed  128/2560 vectors in   0.0s (records=35968)
2026-04-18 16:57:48,921 | INFO |   processed  256/2560 vectors in   0.1s (records=36096)
2026-04-18 16:57:48,954 | INFO |   processed  384/2560 vectors in   0.1s (records=36224)
2026-04-18 16:57:48,986 | INFO |   processed  512/2560 vectors in   0.1s (records=36352)
2026-04-18 16:57:49,019 | INFO |   processed  640/2560 vectors in   0.2s (records=36480)
2026-04-18 16:57:49,052 | INFO |   processed  768/2560 vectors in   0.2s (records=36608)
2026-04-18 16:57:49,084 | INFO |   processed  896/2560 vectors in   0.2s (records=36736)
2026-04-18 16:57:49,117 | INFO |   processed 1024/2560 vectors in   0.3s (records=36864)
2026-04-18 16:57:49,150 | INFO |   processed 1152/2560 vectors in   0.3s (records=36992)
2026-04-18 16:57:49,183 | INFO |   processed 1280/2560 vectors in   0.3s (records=37120)
2026-04-18 16:57:49,216 | INFO |   processed 1408/2560 vectors in   0.4s (records=37248)
2026-04-18 16:57:49,248 | INFO |   processed 1536/2560 vectors in   0.4s (records=37376)
2026-04-18 16:57:49,281 | INFO |   processed 1664/2560 vectors in   0.4s (records=37504)
2026-04-18 16:57:49,314 | INFO |   processed 1792/2560 vectors in   0.5s (records=37632)
2026-04-18 16:57:49,348 | INFO |   processed 1920/2560 vectors in   0.5s (records=37760)
2026-04-18 16:57:49,381 | INFO |   processed 2048/2560 vectors in   0.5s (records=37888)
2026-04-18 16:57:49,414 | INFO |   processed 2176/2560 vectors in   0.6s (records=38016)
2026-04-18 16:57:49,453 | INFO |   processed 2304/2560 vectors in   0.6s (records=38144)
2026-04-18 16:57:49,486 | INFO |   processed 2432/2560 vectors in   0.6s (records=38272)
2026-04-18 16:57:49,518 | INFO |   processed 2560/2560 vectors in   0.7s (records=38400)
2026-04-18 16:57:49,518 | INFO | Layer 15 | vectors=2560 | batches=20 | path=model.vlm_with_expert.vlm.model.text_model.layers.15.mlp.down_proj
2026-04-18 16:57:49,551 | INFO |   processed  128/2560 vectors in   0.0s (records=38528)
2026-04-18 16:57:49,584 | INFO |   processed  256/2560 vectors in   0.1s (records=38656)
2026-04-18 16:57:49,617 | INFO |   processed  384/2560 vectors in   0.1s (records=38784)
2026-04-18 16:57:49,650 | INFO |   processed  512/2560 vectors in   0.1s (records=38912)
2026-04-18 16:57:49,685 | INFO |   processed  640/2560 vectors in   0.2s (records=39040)
2026-04-18 16:57:49,718 | INFO |   processed  768/2560 vectors in   0.2s (records=39168)
2026-04-18 16:57:49,751 | INFO |   processed  896/2560 vectors in   0.2s (records=39296)
2026-04-18 16:57:49,783 | INFO |   processed 1024/2560 vectors in   0.3s (records=39424)
2026-04-18 16:57:49,819 | INFO |   processed 1152/2560 vectors in   0.3s (records=39552)
2026-04-18 16:57:49,854 | INFO |   processed 1280/2560 vectors in   0.3s (records=39680)
2026-04-18 16:57:49,887 | INFO |   processed 1408/2560 vectors in   0.4s (records=39808)
2026-04-18 16:57:49,921 | INFO |   processed 1536/2560 vectors in   0.4s (records=39936)
2026-04-18 16:57:49,954 | INFO |   processed 1664/2560 vectors in   0.4s (records=40064)
2026-04-18 16:57:49,990 | INFO |   processed 1792/2560 vectors in   0.5s (records=40192)
2026-04-18 16:57:50,022 | INFO |   processed 1920/2560 vectors in   0.5s (records=40320)
2026-04-18 16:57:50,055 | INFO |   processed 2048/2560 vectors in   0.5s (records=40448)
2026-04-18 16:57:50,088 | INFO |   processed 2176/2560 vectors in   0.6s (records=40576)
2026-04-18 16:57:50,121 | INFO |   processed 2304/2560 vectors in   0.6s (records=40704)
2026-04-18 16:57:50,153 | INFO |   processed 2432/2560 vectors in   0.6s (records=40832)
2026-04-18 16:57:50,186 | INFO |   processed 2560/2560 vectors in   0.7s (records=40960)
2026-04-18 16:57:50,186 | INFO | Layer 16 | vectors=2560 | batches=20 | path=model.vlm_with_expert.vlm.model.text_model.layers.16.mlp.down_proj
2026-04-18 16:57:50,220 | INFO |   processed  128/2560 vectors in   0.0s (records=41088)
2026-04-18 16:57:50,252 | INFO |   processed  256/2560 vectors in   0.1s (records=41216)
2026-04-18 16:57:50,285 | INFO |   processed  384/2560 vectors in   0.1s (records=41344)
2026-04-18 16:57:50,317 | INFO |   processed  512/2560 vectors in   0.1s (records=41472)
2026-04-18 16:57:50,354 | INFO |   processed  640/2560 vectors in   0.2s (records=41600)
2026-04-18 16:57:50,397 | INFO |   processed  768/2560 vectors in   0.2s (records=41728)
2026-04-18 16:57:50,443 | INFO |   processed  896/2560 vectors in   0.3s (records=41856)
2026-04-18 16:57:50,488 | INFO |   processed 1024/2560 vectors in   0.3s (records=41984)
2026-04-18 16:57:50,529 | INFO |   processed 1152/2560 vectors in   0.3s (records=42112)
2026-04-18 16:57:50,570 | INFO |   processed 1280/2560 vectors in   0.4s (records=42240)
2026-04-18 16:57:50,611 | INFO |   processed 1408/2560 vectors in   0.4s (records=42368)
2026-04-18 16:57:50,652 | INFO |   processed 1536/2560 vectors in   0.5s (records=42496)
2026-04-18 16:57:50,692 | INFO |   processed 1664/2560 vectors in   0.5s (records=42624)
2026-04-18 16:57:50,734 | INFO |   processed 1792/2560 vectors in   0.5s (records=42752)
2026-04-18 16:57:50,774 | INFO |   processed 1920/2560 vectors in   0.6s (records=42880)
2026-04-18 16:57:50,814 | INFO |   processed 2048/2560 vectors in   0.6s (records=43008)
2026-04-18 16:57:50,854 | INFO |   processed 2176/2560 vectors in   0.7s (records=43136)
2026-04-18 16:57:50,894 | INFO |   processed 2304/2560 vectors in   0.7s (records=43264)
2026-04-18 16:57:50,935 | INFO |   processed 2432/2560 vectors in   0.7s (records=43392)
2026-04-18 16:57:50,975 | INFO |   processed 2560/2560 vectors in   0.8s (records=43520)
2026-04-18 16:57:50,975 | INFO | Layer 17 | vectors=2560 | batches=20 | path=model.vlm_with_expert.vlm.model.text_model.layers.17.mlp.down_proj
2026-04-18 16:57:51,025 | INFO |   processed  128/2560 vectors in   0.1s (records=43648)
2026-04-18 16:57:51,063 | INFO |   processed  256/2560 vectors in   0.1s (records=43776)
2026-04-18 16:57:51,102 | INFO |   processed  384/2560 vectors in   0.1s (records=43904)
2026-04-18 16:57:51,140 | INFO |   processed  512/2560 vectors in   0.2s (records=44032)
2026-04-18 16:57:51,178 | INFO |   processed  640/2560 vectors in   0.2s (records=44160)
2026-04-18 16:57:51,217 | INFO |   processed  768/2560 vectors in   0.2s (records=44288)
2026-04-18 16:57:51,257 | INFO |   processed  896/2560 vectors in   0.3s (records=44416)
2026-04-18 16:57:51,297 | INFO |   processed 1024/2560 vectors in   0.3s (records=44544)
2026-04-18 16:57:51,339 | INFO |   processed 1152/2560 vectors in   0.4s (records=44672)
2026-04-18 16:57:51,377 | INFO |   processed 1280/2560 vectors in   0.4s (records=44800)
2026-04-18 16:57:51,415 | INFO |   processed 1408/2560 vectors in   0.4s (records=44928)
2026-04-18 16:57:51,450 | INFO |   processed 1536/2560 vectors in   0.5s (records=45056)
2026-04-18 16:57:51,485 | INFO |   processed 1664/2560 vectors in   0.5s (records=45184)
2026-04-18 16:57:51,520 | INFO |   processed 1792/2560 vectors in   0.5s (records=45312)
2026-04-18 16:57:51,556 | INFO |   processed 1920/2560 vectors in   0.6s (records=45440)
2026-04-18 16:57:51,589 | INFO |   processed 2048/2560 vectors in   0.6s (records=45568)
2026-04-18 16:57:51,623 | INFO |   processed 2176/2560 vectors in   0.6s (records=45696)
2026-04-18 16:57:51,658 | INFO |   processed 2304/2560 vectors in   0.7s (records=45824)
2026-04-18 16:57:51,693 | INFO |   processed 2432/2560 vectors in   0.7s (records=45952)
2026-04-18 16:57:51,726 | INFO |   processed 2560/2560 vectors in   0.8s (records=46080)
2026-04-18 16:57:51,727 | INFO | Layer 18 | vectors=2560 | batches=20 | path=model.vlm_with_expert.vlm.model.text_model.layers.18.mlp.down_proj
2026-04-18 16:57:51,761 | INFO |   processed  128/2560 vectors in   0.0s (records=46208)
2026-04-18 16:57:51,794 | INFO |   processed  256/2560 vectors in   0.1s (records=46336)
2026-04-18 16:57:51,829 | INFO |   processed  384/2560 vectors in   0.1s (records=46464)
2026-04-18 16:57:51,862 | INFO |   processed  512/2560 vectors in   0.1s (records=46592)
2026-04-18 16:57:51,896 | INFO |   processed  640/2560 vectors in   0.2s (records=46720)
2026-04-18 16:57:51,929 | INFO |   processed  768/2560 vectors in   0.2s (records=46848)
2026-04-18 16:57:51,963 | INFO |   processed  896/2560 vectors in   0.2s (records=46976)
2026-04-18 16:57:51,996 | INFO |   processed 1024/2560 vectors in   0.3s (records=47104)
2026-04-18 16:57:52,031 | INFO |   processed 1152/2560 vectors in   0.3s (records=47232)
2026-04-18 16:57:52,064 | INFO |   processed 1280/2560 vectors in   0.3s (records=47360)
2026-04-18 16:57:52,099 | INFO |   processed 1408/2560 vectors in   0.4s (records=47488)
2026-04-18 16:57:52,132 | INFO |   processed 1536/2560 vectors in   0.4s (records=47616)
2026-04-18 16:57:52,166 | INFO |   processed 1664/2560 vectors in   0.4s (records=47744)
2026-04-18 16:57:52,200 | INFO |   processed 1792/2560 vectors in   0.5s (records=47872)
2026-04-18 16:57:52,234 | INFO |   processed 1920/2560 vectors in   0.5s (records=48000)
2026-04-18 16:57:52,268 | INFO |   processed 2048/2560 vectors in   0.5s (records=48128)
2026-04-18 16:57:52,301 | INFO |   processed 2176/2560 vectors in   0.6s (records=48256)
2026-04-18 16:57:52,334 | INFO |   processed 2304/2560 vectors in   0.6s (records=48384)
2026-04-18 16:57:52,368 | INFO |   processed 2432/2560 vectors in   0.6s (records=48512)
2026-04-18 16:57:52,402 | INFO |   processed 2560/2560 vectors in   0.7s (records=48640)
2026-04-18 16:57:52,402 | INFO | Layer 19 | vectors=2560 | batches=20 | path=model.vlm_with_expert.vlm.model.text_model.layers.19.mlp.down_proj
2026-04-18 16:57:52,437 | INFO |   processed  128/2560 vectors in   0.0s (records=48768)
2026-04-18 16:57:52,473 | INFO |   processed  256/2560 vectors in   0.1s (records=48896)
2026-04-18 16:57:52,508 | INFO |   processed  384/2560 vectors in   0.1s (records=49024)
2026-04-18 16:57:52,545 | INFO |   processed  512/2560 vectors in   0.1s (records=49152)
2026-04-18 16:57:52,584 | INFO |   processed  640/2560 vectors in   0.2s (records=49280)
2026-04-18 16:57:52,625 | INFO |   processed  768/2560 vectors in   0.2s (records=49408)
2026-04-18 16:57:52,665 | INFO |   processed  896/2560 vectors in   0.3s (records=49536)
2026-04-18 16:57:52,708 | INFO |   processed 1024/2560 vectors in   0.3s (records=49664)
2026-04-18 16:57:52,756 | INFO |   processed 1152/2560 vectors in   0.4s (records=49792)
2026-04-18 16:57:52,799 | INFO |   processed 1280/2560 vectors in   0.4s (records=49920)
2026-04-18 16:57:52,842 | INFO |   processed 1408/2560 vectors in   0.4s (records=50048)
2026-04-18 16:57:52,886 | INFO |   processed 1536/2560 vectors in   0.5s (records=50176)
2026-04-18 16:57:52,926 | INFO |   processed 1664/2560 vectors in   0.5s (records=50304)
2026-04-18 16:57:52,966 | INFO |   processed 1792/2560 vectors in   0.6s (records=50432)
2026-04-18 16:57:53,009 | INFO |   processed 1920/2560 vectors in   0.6s (records=50560)
2026-04-18 16:57:53,052 | INFO |   processed 2048/2560 vectors in   0.7s (records=50688)
2026-04-18 16:57:53,093 | INFO |   processed 2176/2560 vectors in   0.7s (records=50816)
2026-04-18 16:57:53,133 | INFO |   processed 2304/2560 vectors in   0.7s (records=50944)
2026-04-18 16:57:53,174 | INFO |   processed 2432/2560 vectors in   0.8s (records=51072)
2026-04-18 16:57:53,214 | INFO |   processed 2560/2560 vectors in   0.8s (records=51200)
2026-04-18 16:57:53,214 | INFO | Layer 20 | vectors=2560 | batches=20 | path=model.vlm_with_expert.vlm.model.text_model.layers.20.mlp.down_proj
2026-04-18 16:57:53,255 | INFO |   processed  128/2560 vectors in   0.0s (records=51328)
2026-04-18 16:57:53,295 | INFO |   processed  256/2560 vectors in   0.1s (records=51456)
2026-04-18 16:57:53,340 | INFO |   processed  384/2560 vectors in   0.1s (records=51584)
2026-04-18 16:57:53,378 | INFO |   processed  512/2560 vectors in   0.2s (records=51712)
2026-04-18 16:57:53,434 | INFO |   processed  640/2560 vectors in   0.2s (records=51840)
2026-04-18 16:57:53,474 | INFO |   processed  768/2560 vectors in   0.3s (records=51968)
2026-04-18 16:57:53,515 | INFO |   processed  896/2560 vectors in   0.3s (records=52096)
2026-04-18 16:57:53,556 | INFO |   processed 1024/2560 vectors in   0.3s (records=52224)
2026-04-18 16:57:53,596 | INFO |   processed 1152/2560 vectors in   0.4s (records=52352)
2026-04-18 16:57:53,640 | INFO |   processed 1280/2560 vectors in   0.4s (records=52480)
2026-04-18 16:57:53,674 | INFO |   processed 1408/2560 vectors in   0.5s (records=52608)
2026-04-18 16:57:53,710 | INFO |   processed 1536/2560 vectors in   0.5s (records=52736)
2026-04-18 16:57:53,746 | INFO |   processed 1664/2560 vectors in   0.5s (records=52864)
2026-04-18 16:57:53,779 | INFO |   processed 1792/2560 vectors in   0.6s (records=52992)
2026-04-18 16:57:53,814 | INFO |   processed 1920/2560 vectors in   0.6s (records=53120)
2026-04-18 16:57:53,848 | INFO |   processed 2048/2560 vectors in   0.6s (records=53248)
2026-04-18 16:57:53,884 | INFO |   processed 2176/2560 vectors in   0.7s (records=53376)
2026-04-18 16:57:53,918 | INFO |   processed 2304/2560 vectors in   0.7s (records=53504)
2026-04-18 16:57:53,952 | INFO |   processed 2432/2560 vectors in   0.7s (records=53632)
2026-04-18 16:57:53,985 | INFO |   processed 2560/2560 vectors in   0.8s (records=53760)
2026-04-18 16:57:53,985 | INFO | Layer 21 | vectors=2560 | batches=20 | path=model.vlm_with_expert.vlm.model.text_model.layers.21.mlp.down_proj
2026-04-18 16:57:54,019 | INFO |   processed  128/2560 vectors in   0.0s (records=53888)
2026-04-18 16:57:54,052 | INFO |   processed  256/2560 vectors in   0.1s (records=54016)
2026-04-18 16:57:54,086 | INFO |   processed  384/2560 vectors in   0.1s (records=54144)
2026-04-18 16:57:54,119 | INFO |   processed  512/2560 vectors in   0.1s (records=54272)
2026-04-18 16:57:54,153 | INFO |   processed  640/2560 vectors in   0.2s (records=54400)
2026-04-18 16:57:54,186 | INFO |   processed  768/2560 vectors in   0.2s (records=54528)
2026-04-18 16:57:54,220 | INFO |   processed  896/2560 vectors in   0.2s (records=54656)
2026-04-18 16:57:54,254 | INFO |   processed 1024/2560 vectors in   0.3s (records=54784)
2026-04-18 16:57:54,288 | INFO |   processed 1152/2560 vectors in   0.3s (records=54912)
2026-04-18 16:57:54,321 | INFO |   processed 1280/2560 vectors in   0.3s (records=55040)
2026-04-18 16:57:54,355 | INFO |   processed 1408/2560 vectors in   0.4s (records=55168)
2026-04-18 16:57:54,387 | INFO |   processed 1536/2560 vectors in   0.4s (records=55296)
2026-04-18 16:57:54,421 | INFO |   processed 1664/2560 vectors in   0.4s (records=55424)
2026-04-18 16:57:54,455 | INFO |   processed 1792/2560 vectors in   0.5s (records=55552)
2026-04-18 16:57:54,488 | INFO |   processed 1920/2560 vectors in   0.5s (records=55680)
2026-04-18 16:57:54,521 | INFO |   processed 2048/2560 vectors in   0.5s (records=55808)
2026-04-18 16:57:54,555 | INFO |   processed 2176/2560 vectors in   0.6s (records=55936)
2026-04-18 16:57:54,588 | INFO |   processed 2304/2560 vectors in   0.6s (records=56064)
2026-04-18 16:57:54,621 | INFO |   processed 2432/2560 vectors in   0.6s (records=56192)
2026-04-18 16:57:54,654 | INFO |   processed 2560/2560 vectors in   0.7s (records=56320)
2026-04-18 16:57:54,654 | INFO | Layer 22 | vectors=2560 | batches=20 | path=model.vlm_with_expert.vlm.model.text_model.layers.22.mlp.down_proj
2026-04-18 16:57:54,688 | INFO |   processed  128/2560 vectors in   0.0s (records=56448)
2026-04-18 16:57:54,721 | INFO |   processed  256/2560 vectors in   0.1s (records=56576)
2026-04-18 16:57:54,754 | INFO |   processed  384/2560 vectors in   0.1s (records=56704)
2026-04-18 16:57:54,787 | INFO |   processed  512/2560 vectors in   0.1s (records=56832)
2026-04-18 16:57:54,826 | INFO |   processed  640/2560 vectors in   0.2s (records=56960)
2026-04-18 16:57:54,859 | INFO |   processed  768/2560 vectors in   0.2s (records=57088)
2026-04-18 16:57:54,893 | INFO |   processed  896/2560 vectors in   0.2s (records=57216)
2026-04-18 16:57:54,926 | INFO |   processed 1024/2560 vectors in   0.3s (records=57344)
2026-04-18 16:57:54,960 | INFO |   processed 1152/2560 vectors in   0.3s (records=57472)
2026-04-18 16:57:54,993 | INFO |   processed 1280/2560 vectors in   0.3s (records=57600)
2026-04-18 16:57:55,026 | INFO |   processed 1408/2560 vectors in   0.4s (records=57728)
2026-04-18 16:57:55,068 | INFO |   processed 1536/2560 vectors in   0.4s (records=57856)
2026-04-18 16:57:55,100 | INFO |   processed 1664/2560 vectors in   0.4s (records=57984)
2026-04-18 16:57:55,134 | INFO |   processed 1792/2560 vectors in   0.5s (records=58112)
2026-04-18 16:57:55,167 | INFO |   processed 1920/2560 vectors in   0.5s (records=58240)
2026-04-18 16:57:55,200 | INFO |   processed 2048/2560 vectors in   0.5s (records=58368)
2026-04-18 16:57:55,233 | INFO |   processed 2176/2560 vectors in   0.6s (records=58496)
2026-04-18 16:57:55,268 | INFO |   processed 2304/2560 vectors in   0.6s (records=58624)
2026-04-18 16:57:55,301 | INFO |   processed 2432/2560 vectors in   0.6s (records=58752)
2026-04-18 16:57:55,334 | INFO |   processed 2560/2560 vectors in   0.7s (records=58880)
2026-04-18 16:57:55,335 | INFO | Layer 23 | vectors=2560 | batches=20 | path=model.vlm_with_expert.vlm.model.text_model.layers.23.mlp.down_proj
2026-04-18 16:57:55,368 | INFO |   processed  128/2560 vectors in   0.0s (records=59008)
2026-04-18 16:57:55,400 | INFO |   processed  256/2560 vectors in   0.1s (records=59136)
2026-04-18 16:57:55,433 | INFO |   processed  384/2560 vectors in   0.1s (records=59264)
2026-04-18 16:57:55,466 | INFO |   processed  512/2560 vectors in   0.1s (records=59392)
2026-04-18 16:57:55,499 | INFO |   processed  640/2560 vectors in   0.2s (records=59520)
2026-04-18 16:57:55,532 | INFO |   processed  768/2560 vectors in   0.2s (records=59648)
2026-04-18 16:57:55,565 | INFO |   processed  896/2560 vectors in   0.2s (records=59776)
2026-04-18 16:57:55,598 | INFO |   processed 1024/2560 vectors in   0.3s (records=59904)
2026-04-18 16:57:55,631 | INFO |   processed 1152/2560 vectors in   0.3s (records=60032)
2026-04-18 16:57:55,667 | INFO |   processed 1280/2560 vectors in   0.3s (records=60160)
2026-04-18 16:57:55,701 | INFO |   processed 1408/2560 vectors in   0.4s (records=60288)
2026-04-18 16:57:55,734 | INFO |   processed 1536/2560 vectors in   0.4s (records=60416)
2026-04-18 16:57:55,767 | INFO |   processed 1664/2560 vectors in   0.4s (records=60544)
2026-04-18 16:57:55,800 | INFO |   processed 1792/2560 vectors in   0.5s (records=60672)
2026-04-18 16:57:55,833 | INFO |   processed 1920/2560 vectors in   0.5s (records=60800)
2026-04-18 16:57:55,866 | INFO |   processed 2048/2560 vectors in   0.5s (records=60928)
2026-04-18 16:57:55,899 | INFO |   processed 2176/2560 vectors in   0.6s (records=61056)
2026-04-18 16:57:55,931 | INFO |   processed 2304/2560 vectors in   0.6s (records=61184)
2026-04-18 16:57:55,964 | INFO |   processed 2432/2560 vectors in   0.6s (records=61312)
2026-04-18 16:57:55,997 | INFO |   processed 2560/2560 vectors in   0.7s (records=61440)
2026-04-18 16:57:55,997 | INFO | Layer 24 | vectors=2560 | batches=20 | path=model.vlm_with_expert.vlm.model.text_model.layers.24.mlp.down_proj
2026-04-18 16:57:56,030 | INFO |   processed  128/2560 vectors in   0.0s (records=61568)
2026-04-18 16:57:56,062 | INFO |   processed  256/2560 vectors in   0.1s (records=61696)
2026-04-18 16:57:56,095 | INFO |   processed  384/2560 vectors in   0.1s (records=61824)
2026-04-18 16:57:56,128 | INFO |   processed  512/2560 vectors in   0.1s (records=61952)
2026-04-18 16:57:56,161 | INFO |   processed  640/2560 vectors in   0.2s (records=62080)
2026-04-18 16:57:56,195 | INFO |   processed  768/2560 vectors in   0.2s (records=62208)
2026-04-18 16:57:56,231 | INFO |   processed  896/2560 vectors in   0.2s (records=62336)
2026-04-18 16:57:56,265 | INFO |   processed 1024/2560 vectors in   0.3s (records=62464)
2026-04-18 16:57:56,300 | INFO |   processed 1152/2560 vectors in   0.3s (records=62592)
2026-04-18 16:57:56,334 | INFO |   processed 1280/2560 vectors in   0.3s (records=62720)
2026-04-18 16:57:56,367 | INFO |   processed 1408/2560 vectors in   0.4s (records=62848)
2026-04-18 16:57:56,401 | INFO |   processed 1536/2560 vectors in   0.4s (records=62976)
2026-04-18 16:57:56,438 | INFO |   processed 1664/2560 vectors in   0.4s (records=63104)
2026-04-18 16:57:56,472 | INFO |   processed 1792/2560 vectors in   0.5s (records=63232)
2026-04-18 16:57:56,512 | INFO |   processed 1920/2560 vectors in   0.5s (records=63360)
2026-04-18 16:57:56,545 | INFO |   processed 2048/2560 vectors in   0.5s (records=63488)
2026-04-18 16:57:56,583 | INFO |   processed 2176/2560 vectors in   0.6s (records=63616)
2026-04-18 16:57:56,617 | INFO |   processed 2304/2560 vectors in   0.6s (records=63744)
2026-04-18 16:57:56,653 | INFO |   processed 2432/2560 vectors in   0.7s (records=63872)
2026-04-18 16:57:56,689 | INFO |   processed 2560/2560 vectors in   0.7s (records=64000)
2026-04-18 16:57:56,689 | INFO | Layer 25 | vectors=2560 | batches=20 | path=model.vlm_with_expert.vlm.model.text_model.layers.25.mlp.down_proj
2026-04-18 16:57:56,723 | INFO |   processed  128/2560 vectors in   0.0s (records=64128)
2026-04-18 16:57:56,756 | INFO |   processed  256/2560 vectors in   0.1s (records=64256)
2026-04-18 16:57:56,790 | INFO |   processed  384/2560 vectors in   0.1s (records=64384)
2026-04-18 16:57:56,824 | INFO |   processed  512/2560 vectors in   0.1s (records=64512)
2026-04-18 16:57:56,860 | INFO |   processed  640/2560 vectors in   0.2s (records=64640)
2026-04-18 16:57:56,895 | INFO |   processed  768/2560 vectors in   0.2s (records=64768)
2026-04-18 16:57:56,930 | INFO |   processed  896/2560 vectors in   0.2s (records=64896)
2026-04-18 16:57:56,966 | INFO |   processed 1024/2560 vectors in   0.3s (records=65024)
2026-04-18 16:57:57,000 | INFO |   processed 1152/2560 vectors in   0.3s (records=65152)
2026-04-18 16:57:57,036 | INFO |   processed 1280/2560 vectors in   0.3s (records=65280)
2026-04-18 16:57:57,072 | INFO |   processed 1408/2560 vectors in   0.4s (records=65408)
2026-04-18 16:57:57,106 | INFO |   processed 1536/2560 vectors in   0.4s (records=65536)
2026-04-18 16:57:57,140 | INFO |   processed 1664/2560 vectors in   0.5s (records=65664)
2026-04-18 16:57:57,178 | INFO |   processed 1792/2560 vectors in   0.5s (records=65792)
2026-04-18 16:57:57,212 | INFO |   processed 1920/2560 vectors in   0.5s (records=65920)
2026-04-18 16:57:57,250 | INFO |   processed 2048/2560 vectors in   0.6s (records=66048)
2026-04-18 16:57:57,283 | INFO |   processed 2176/2560 vectors in   0.6s (records=66176)
2026-04-18 16:57:57,317 | INFO |   processed 2304/2560 vectors in   0.6s (records=66304)
2026-04-18 16:57:57,352 | INFO |   processed 2432/2560 vectors in   0.7s (records=66432)
2026-04-18 16:57:57,386 | INFO |   processed 2560/2560 vectors in   0.7s (records=66560)
2026-04-18 16:57:57,386 | INFO | Layer 26 | vectors=2560 | batches=20 | path=model.vlm_with_expert.vlm.model.text_model.layers.26.mlp.down_proj
2026-04-18 16:57:57,419 | INFO |   processed  128/2560 vectors in   0.0s (records=66688)
2026-04-18 16:57:57,454 | INFO |   processed  256/2560 vectors in   0.1s (records=66816)
2026-04-18 16:57:57,493 | INFO |   processed  384/2560 vectors in   0.1s (records=66944)
2026-04-18 16:57:57,530 | INFO |   processed  512/2560 vectors in   0.1s (records=67072)
2026-04-18 16:57:57,565 | INFO |   processed  640/2560 vectors in   0.2s (records=67200)
2026-04-18 16:57:57,600 | INFO |   processed  768/2560 vectors in   0.2s (records=67328)
2026-04-18 16:57:57,640 | INFO |   processed  896/2560 vectors in   0.3s (records=67456)
2026-04-18 16:57:57,680 | INFO |   processed 1024/2560 vectors in   0.3s (records=67584)
2026-04-18 16:57:57,720 | INFO |   processed 1152/2560 vectors in   0.3s (records=67712)
2026-04-18 16:57:57,768 | INFO |   processed 1280/2560 vectors in   0.4s (records=67840)
2026-04-18 16:57:57,813 | INFO |   processed 1408/2560 vectors in   0.4s (records=67968)
2026-04-18 16:57:57,857 | INFO |   processed 1536/2560 vectors in   0.5s (records=68096)
2026-04-18 16:57:57,900 | INFO |   processed 1664/2560 vectors in   0.5s (records=68224)
2026-04-18 16:57:57,940 | INFO |   processed 1792/2560 vectors in   0.6s (records=68352)
2026-04-18 16:57:57,980 | INFO |   processed 1920/2560 vectors in   0.6s (records=68480)
2026-04-18 16:57:58,020 | INFO |   processed 2048/2560 vectors in   0.6s (records=68608)
2026-04-18 16:57:58,068 | INFO |   processed 2176/2560 vectors in   0.7s (records=68736)
2026-04-18 16:57:58,111 | INFO |   processed 2304/2560 vectors in   0.7s (records=68864)
2026-04-18 16:57:58,151 | INFO |   processed 2432/2560 vectors in   0.8s (records=68992)
2026-04-18 16:57:58,191 | INFO |   processed 2560/2560 vectors in   0.8s (records=69120)
2026-04-18 16:57:58,191 | INFO | Layer 27 | vectors=2560 | batches=20 | path=model.vlm_with_expert.vlm.model.text_model.layers.27.mlp.down_proj
2026-04-18 16:57:58,233 | INFO |   processed  128/2560 vectors in   0.0s (records=69248)
2026-04-18 16:57:58,275 | INFO |   processed  256/2560 vectors in   0.1s (records=69376)
2026-04-18 16:57:58,315 | INFO |   processed  384/2560 vectors in   0.1s (records=69504)
2026-04-18 16:57:58,355 | INFO |   processed  512/2560 vectors in   0.2s (records=69632)
2026-04-18 16:57:58,395 | INFO |   processed  640/2560 vectors in   0.2s (records=69760)
2026-04-18 16:57:58,438 | INFO |   processed  768/2560 vectors in   0.2s (records=69888)
2026-04-18 16:57:58,479 | INFO |   processed  896/2560 vectors in   0.3s (records=70016)
2026-04-18 16:57:58,522 | INFO |   processed 1024/2560 vectors in   0.3s (records=70144)
2026-04-18 16:57:58,560 | INFO |   processed 1152/2560 vectors in   0.4s (records=70272)
2026-04-18 16:57:58,597 | INFO |   processed 1280/2560 vectors in   0.4s (records=70400)
2026-04-18 16:57:58,637 | INFO |   processed 1408/2560 vectors in   0.4s (records=70528)
2026-04-18 16:57:58,675 | INFO |   processed 1536/2560 vectors in   0.5s (records=70656)
2026-04-18 16:57:58,714 | INFO |   processed 1664/2560 vectors in   0.5s (records=70784)
2026-04-18 16:57:58,751 | INFO |   processed 1792/2560 vectors in   0.6s (records=70912)
2026-04-18 16:57:58,785 | INFO |   processed 1920/2560 vectors in   0.6s (records=71040)
2026-04-18 16:57:58,820 | INFO |   processed 2048/2560 vectors in   0.6s (records=71168)
2026-04-18 16:57:58,854 | INFO |   processed 2176/2560 vectors in   0.7s (records=71296)
2026-04-18 16:57:58,890 | INFO |   processed 2304/2560 vectors in   0.7s (records=71424)
2026-04-18 16:57:58,925 | INFO |   processed 2432/2560 vectors in   0.7s (records=71552)
2026-04-18 16:57:58,959 | INFO |   processed 2560/2560 vectors in   0.8s (records=71680)
2026-04-18 16:57:58,959 | INFO | Layer 28 | vectors=2560 | batches=20 | path=model.vlm_with_expert.vlm.model.text_model.layers.28.mlp.down_proj
2026-04-18 16:57:58,992 | INFO |   processed  128/2560 vectors in   0.0s (records=71808)
2026-04-18 16:57:59,026 | INFO |   processed  256/2560 vectors in   0.1s (records=71936)
2026-04-18 16:57:59,059 | INFO |   processed  384/2560 vectors in   0.1s (records=72064)
2026-04-18 16:57:59,093 | INFO |   processed  512/2560 vectors in   0.1s (records=72192)
2026-04-18 16:57:59,126 | INFO |   processed  640/2560 vectors in   0.2s (records=72320)
2026-04-18 16:57:59,160 | INFO |   processed  768/2560 vectors in   0.2s (records=72448)
2026-04-18 16:57:59,193 | INFO |   processed  896/2560 vectors in   0.2s (records=72576)
2026-04-18 16:57:59,227 | INFO |   processed 1024/2560 vectors in   0.3s (records=72704)
2026-04-18 16:57:59,260 | INFO |   processed 1152/2560 vectors in   0.3s (records=72832)
2026-04-18 16:57:59,294 | INFO |   processed 1280/2560 vectors in   0.3s (records=72960)
2026-04-18 16:57:59,327 | INFO |   processed 1408/2560 vectors in   0.4s (records=73088)
2026-04-18 16:57:59,360 | INFO |   processed 1536/2560 vectors in   0.4s (records=73216)
2026-04-18 16:57:59,393 | INFO |   processed 1664/2560 vectors in   0.4s (records=73344)
2026-04-18 16:57:59,428 | INFO |   processed 1792/2560 vectors in   0.5s (records=73472)
2026-04-18 16:57:59,468 | INFO |   processed 1920/2560 vectors in   0.5s (records=73600)
2026-04-18 16:57:59,507 | INFO |   processed 2048/2560 vectors in   0.5s (records=73728)
2026-04-18 16:57:59,544 | INFO |   processed 2176/2560 vectors in   0.6s (records=73856)
2026-04-18 16:57:59,577 | INFO |   processed 2304/2560 vectors in   0.6s (records=73984)
2026-04-18 16:57:59,618 | INFO |   processed 2432/2560 vectors in   0.7s (records=74112)
2026-04-18 16:57:59,652 | INFO |   processed 2560/2560 vectors in   0.7s (records=74240)
2026-04-18 16:57:59,653 | INFO | Layer 29 | vectors=2560 | batches=20 | path=model.vlm_with_expert.vlm.model.text_model.layers.29.mlp.down_proj
2026-04-18 16:57:59,689 | INFO |   processed  128/2560 vectors in   0.0s (records=74368)
2026-04-18 16:57:59,725 | INFO |   processed  256/2560 vectors in   0.1s (records=74496)
2026-04-18 16:57:59,758 | INFO |   processed  384/2560 vectors in   0.1s (records=74624)
2026-04-18 16:57:59,793 | INFO |   processed  512/2560 vectors in   0.1s (records=74752)
2026-04-18 16:57:59,851 | INFO |   processed  640/2560 vectors in   0.2s (records=74880)
2026-04-18 16:57:59,885 | INFO |   processed  768/2560 vectors in   0.2s (records=75008)
2026-04-18 16:57:59,919 | INFO |   processed  896/2560 vectors in   0.3s (records=75136)
2026-04-18 16:57:59,951 | INFO |   processed 1024/2560 vectors in   0.3s (records=75264)
2026-04-18 16:57:59,985 | INFO |   processed 1152/2560 vectors in   0.3s (records=75392)
2026-04-18 16:58:00,019 | INFO |   processed 1280/2560 vectors in   0.4s (records=75520)
2026-04-18 16:58:00,053 | INFO |   processed 1408/2560 vectors in   0.4s (records=75648)
2026-04-18 16:58:00,086 | INFO |   processed 1536/2560 vectors in   0.4s (records=75776)
2026-04-18 16:58:00,120 | INFO |   processed 1664/2560 vectors in   0.5s (records=75904)
2026-04-18 16:58:00,153 | INFO |   processed 1792/2560 vectors in   0.5s (records=76032)
2026-04-18 16:58:00,186 | INFO |   processed 1920/2560 vectors in   0.5s (records=76160)
2026-04-18 16:58:00,221 | INFO |   processed 2048/2560 vectors in   0.6s (records=76288)
2026-04-18 16:58:00,254 | INFO |   processed 2176/2560 vectors in   0.6s (records=76416)
2026-04-18 16:58:00,288 | INFO |   processed 2304/2560 vectors in   0.6s (records=76544)
2026-04-18 16:58:00,323 | INFO |   processed 2432/2560 vectors in   0.7s (records=76672)
2026-04-18 16:58:00,359 | INFO |   processed 2560/2560 vectors in   0.7s (records=76800)
2026-04-18 16:58:00,359 | INFO | Layer 30 | vectors=2560 | batches=20 | path=model.vlm_with_expert.vlm.model.text_model.layers.30.mlp.down_proj
2026-04-18 16:58:00,396 | INFO |   processed  128/2560 vectors in   0.0s (records=76928)
2026-04-18 16:58:00,435 | INFO |   processed  256/2560 vectors in   0.1s (records=77056)
2026-04-18 16:58:00,474 | INFO |   processed  384/2560 vectors in   0.1s (records=77184)
2026-04-18 16:58:00,516 | INFO |   processed  512/2560 vectors in   0.2s (records=77312)
2026-04-18 16:58:00,562 | INFO |   processed  640/2560 vectors in   0.2s (records=77440)
2026-04-18 16:58:00,606 | INFO |   processed  768/2560 vectors in   0.2s (records=77568)
2026-04-18 16:58:00,648 | INFO |   processed  896/2560 vectors in   0.3s (records=77696)
2026-04-18 16:58:00,699 | INFO |   processed 1024/2560 vectors in   0.3s (records=77824)
2026-04-18 16:58:00,745 | INFO |   processed 1152/2560 vectors in   0.4s (records=77952)
2026-04-18 16:58:00,785 | INFO |   processed 1280/2560 vectors in   0.4s (records=78080)
2026-04-18 16:58:00,826 | INFO |   processed 1408/2560 vectors in   0.5s (records=78208)
2026-04-18 16:58:00,870 | INFO |   processed 1536/2560 vectors in   0.5s (records=78336)
2026-04-18 16:58:00,913 | INFO |   processed 1664/2560 vectors in   0.6s (records=78464)
2026-04-18 16:58:00,953 | INFO |   processed 1792/2560 vectors in   0.6s (records=78592)
2026-04-18 16:58:00,998 | INFO |   processed 1920/2560 vectors in   0.6s (records=78720)
2026-04-18 16:58:01,039 | INFO |   processed 2048/2560 vectors in   0.7s (records=78848)
2026-04-18 16:58:01,076 | INFO |   processed 2176/2560 vectors in   0.7s (records=78976)
2026-04-18 16:58:01,115 | INFO |   processed 2304/2560 vectors in   0.8s (records=79104)
2026-04-18 16:58:01,158 | INFO |   processed 2432/2560 vectors in   0.8s (records=79232)
2026-04-18 16:58:01,198 | INFO |   processed 2560/2560 vectors in   0.8s (records=79360)
2026-04-18 16:58:01,198 | INFO | Layer 31 | vectors=2560 | batches=20 | path=model.vlm_with_expert.vlm.model.text_model.layers.31.mlp.down_proj
2026-04-18 16:58:01,237 | INFO |   processed  128/2560 vectors in   0.0s (records=79488)
2026-04-18 16:58:01,283 | INFO |   processed  256/2560 vectors in   0.1s (records=79616)
2026-04-18 16:58:01,322 | INFO |   processed  384/2560 vectors in   0.1s (records=79744)
2026-04-18 16:58:01,365 | INFO |   processed  512/2560 vectors in   0.2s (records=79872)
2026-04-18 16:58:01,405 | INFO |   processed  640/2560 vectors in   0.2s (records=80000)
2026-04-18 16:58:01,444 | INFO |   processed  768/2560 vectors in   0.2s (records=80128)
2026-04-18 16:58:01,487 | INFO |   processed  896/2560 vectors in   0.3s (records=80256)
2026-04-18 16:58:01,529 | INFO |   processed 1024/2560 vectors in   0.3s (records=80384)
2026-04-18 16:58:01,569 | INFO |   processed 1152/2560 vectors in   0.4s (records=80512)
2026-04-18 16:58:01,608 | INFO |   processed 1280/2560 vectors in   0.4s (records=80640)
2026-04-18 16:58:01,646 | INFO |   processed 1408/2560 vectors in   0.4s (records=80768)
2026-04-18 16:58:01,690 | INFO |   processed 1536/2560 vectors in   0.5s (records=80896)
2026-04-18 16:58:01,733 | INFO |   processed 1664/2560 vectors in   0.5s (records=81024)
2026-04-18 16:58:01,768 | INFO |   processed 1792/2560 vectors in   0.6s (records=81152)
2026-04-18 16:58:01,806 | INFO |   processed 1920/2560 vectors in   0.6s (records=81280)
2026-04-18 16:58:01,841 | INFO |   processed 2048/2560 vectors in   0.6s (records=81408)
2026-04-18 16:58:01,875 | INFO |   processed 2176/2560 vectors in   0.7s (records=81536)
2026-04-18 16:58:01,910 | INFO |   processed 2304/2560 vectors in   0.7s (records=81664)
2026-04-18 16:58:01,943 | INFO |   processed 2432/2560 vectors in   0.7s (records=81792)
2026-04-18 16:58:01,977 | INFO |   processed 2560/2560 vectors in   0.8s (records=81920)
2026-04-18 16:58:01,983 | INFO | ------------------------------------------------------------------------
2026-04-18 16:58:01,983 | INFO | Records written:       81920
2026-04-18 16:58:01,983 | INFO | Unique decoded tokens: 48643
2026-04-18 16:58:01,983 | INFO | Elapsed seconds:       36.6
2026-04-18 16:58:01,986 | INFO | Summary JSON:          /Users/ashutoshpanda/Documents/Research/project_Flux/project_Flux/smolvla_mechinterp_repro/results/value_vector_catalog_top30.jsonl.summary.json
2026-04-18 16:58:01,986 | INFO | Log file:              /Users/ashutoshpanda/Documents/Research/project_Flux/project_Flux/smolvla_mechinterp_repro/results/value_vector_catalog_top30.jsonl.log
